TN:
SF:src/ElasticReceiptToken.sol
FN:218,ElasticReceiptToken.transfer
FNDA:5,ElasticReceiptToken.transfer
DA:226,5
DA:228,5
DA:230,5
FN:234,ElasticReceiptToken.transferFrom
FNDA:5,ElasticReceiptToken.transferFrom
DA:243,5
DA:245,5
DA:246,5
DA:248,5
FN:252,ElasticReceiptToken.transferAll
FNDA:5,ElasticReceiptToken.transferAll
DA:259,5
DA:260,5
DA:262,5
DA:264,5
FN:268,ElasticReceiptToken.transferAllFrom
FNDA:10,ElasticReceiptToken.transferAllFrom
DA:276,10
DA:277,10
DA:280,10
BRDA:280,0,0,-
BRDA:280,0,1,-
DA:284,10
DA:286,10
DA:289,10
DA:291,10
FN:295,ElasticReceiptToken.approve
FNDA:0,ElasticReceiptToken.approve
DA:301,0
DA:303,0
DA:304,0
FN:312,ElasticReceiptToken.increaseAllowance
FNDA:10,ElasticReceiptToken.increaseAllowance
DA:316,10
DA:318,10
DA:319,10
FN:327,ElasticReceiptToken.decreaseAllowance
FNDA:5,ElasticReceiptToken.decreaseAllowance
DA:331,5
BRDA:331,1,0,-
BRDA:331,1,1,-
DA:332,5
DA:334,5
DA:337,5
DA:338,5
FN:345,ElasticReceiptToken.rebase
FNDA:29,ElasticReceiptToken.rebase
DA:351,29
FN:358,ElasticReceiptToken.permit
FNDA:1,ElasticReceiptToken.permit
DA:367,1
BRDA:367,2,0,-
BRDA:367,2,1,1
DA:372,1
DA:394,1
BRDA:394,3,0,-
BRDA:394,3,1,1
DA:397,1
DA:400,1
FN:407,ElasticReceiptToken.allowance
FNDA:6,ElasticReceiptToken.allowance
DA:412,6
FN:416,ElasticReceiptToken.totalSupply
FNDA:10,ElasticReceiptToken.totalSupply
DA:417,10
FN:421,ElasticReceiptToken.balanceOf
FNDA:30,ElasticReceiptToken.balanceOf
DA:422,30
FN:426,ElasticReceiptToken.scaledTotalSupply
FNDA:6,ElasticReceiptToken.scaledTotalSupply
DA:427,6
FN:431,ElasticReceiptToken.scaledBalanceOf
FNDA:11,ElasticReceiptToken.scaledBalanceOf
DA:432,11
FN:438,ElasticReceiptToken.nonces
FNDA:11,ElasticReceiptToken.nonces
DA:439,11
FN:444,ElasticReceiptToken.DOMAIN_SEPARATOR
FNDA:21,ElasticReceiptToken.DOMAIN_SEPARATOR
DA:445,21
FN:461,ElasticReceiptToken._tokensToBits
FNDA:10,ElasticReceiptToken._tokensToBits
DA:462,10
FN:468,ElasticReceiptToken._bitsToTokens
FNDA:0,ElasticReceiptToken._bitsToTokens
DA:469,0
FN:478,ElasticReceiptToken._mint
FNDA:10,ElasticReceiptToken._mint
DA:485,10
BRDA:485,4,0,-
BRDA:485,4,1,10
DA:486,10
DA:490,10
DA:491,10
DA:497,10
DA:498,10
BRDA:498,5,0,5
BRDA:498,5,1,10
DA:499,10
DA:503,10
DA:504,10
DA:507,10
FN:517,ElasticReceiptToken._burn
FNDA:0,ElasticReceiptToken._burn
DA:525,0
DA:526,0
DA:529,0
DA:530,0
DA:535,0
DA:536,0
DA:539,0
DA:540,0
DA:543,0
FN:552,ElasticReceiptToken._rebase
FNDA:34,ElasticReceiptToken._rebase
DA:553,34
DA:557,34
BRDA:557,6,0,7
BRDA:557,6,1,27
DA:558,34
DA:562,34
DA:563,34
DA:566,34
DA:567,34
FN:572,ElasticReceiptToken._activeBits
FNDA:38,ElasticReceiptToken._activeBits
DA:573,38
FN:578,ElasticReceiptToken._transfer
FNDA:10,ElasticReceiptToken._transfer
DA:584,10
DA:585,10
DA:587,10
BRDA:587,7,0,3
BRDA:587,7,1,10
DA:588,10
DA:591,10
FN:596,ElasticReceiptToken._useAllowance
FNDA:0,ElasticReceiptToken._useAllowance
DA:602,0
BRDA:602,8,0,-
BRDA:602,8,1,-
DA:603,0
FNF:24
FNH:20
LF:78
LH:63
BRF:18
BRH:9
end_of_record
TN:
SF:src/GeoNFT.sol
FN:136,GeoNFT.tokenData
FNDA:7,GeoNFT.tokenData
DA:142,7
DA:144,7
FN:154,GeoNFT.tokenURI
FNDA:7,GeoNFT.tokenURI
DA:160,7
FN:174,GeoNFT.mint
FNDA:7,GeoNFT.mint
DA:188,7
DA:191,7
DA:199,7
DA:204,7
FN:214,GeoNFT.modify
FNDA:7,GeoNFT.modify
DA:228,7
DA:236,7
DA:239,7
FN:246,GeoNFT.burn
FNDA:7,GeoNFT.burn
DA:250,7
DA:253,7
FNF:5
FNH:5
LF:12
LH:12
BRF:0
BRH:0
end_of_record
TN:
SF:src/Oracle.sol
FN:146,Oracle.pushReport
FNDA:67,Oracle.pushReport
DA:147,67
DA:148,67
DA:151,67
BRDA:151,0,0,1
BRDA:151,0,1,14
DA:152,67
DA:156,67
DA:157,67
DA:160,67
BRDA:160,1,0,-
BRDA:160,1,1,14
DA:161,67
DA:165,67
DA:166,67
DA:168,67
FN:173,Oracle.purgeReports
FNDA:67,Oracle.purgeReports
DA:175,67
BRDA:175,2,0,-
BRDA:175,2,1,1
DA:176,67
DA:179,67
DA:182,67
DA:183,67
FN:191,Oracle.getData
FNDA:67,Oracle.getData
DA:193,67
BRDA:193,3,0,1
BRDA:193,3,1,9
DA:194,67
DA:197,67
DA:198,67
DA:199,67
DA:202,67
DA:203,67
DA:204,67
DA:205,67
DA:207,67
BRDA:207,4,0,-
BRDA:207,4,1,10
DA:208,67
DA:211,67
DA:215,67
BRDA:215,5,0,3
BRDA:215,5,1,6
DA:216,67
DA:220,67
FN:228,Oracle.providersSize
FNDA:67,Oracle.providersSize
DA:229,67
FN:238,Oracle.setIsValid
FNDA:67,Oracle.setIsValid
DA:240,67
BRDA:240,6,0,-
BRDA:240,6,1,1
DA:241,67
DA:242,67
DA:243,67
DA:246,67
BRDA:246,7,0,1
BRDA:246,7,1,-
DA:247,67
DA:248,67
DA:249,67
FN:257,Oracle.setMinimumProviders
FNDA:67,Oracle.setMinimumProviders
DA:259,67
BRDA:259,8,0,-
BRDA:259,8,1,1
DA:262,67
BRDA:262,9,0,-
BRDA:262,9,1,1
DA:263,67
DA:266,67
DA:268,67
FN:274,Oracle.purgeReportsFrom
FNDA:67,Oracle.purgeReportsFrom
DA:276,67
BRDA:276,10,0,1
BRDA:276,10,1,1
DA:277,67
DA:280,67
DA:283,67
DA:284,67
FN:290,Oracle.addProvider
FNDA:67,Oracle.addProvider
DA:292,67
BRDA:292,11,0,1
BRDA:292,11,1,28
DA:293,67
DA:296,67
DA:298,67
DA:300,67
FN:307,Oracle.removeProvider
FNDA:67,Oracle.removeProvider
DA:309,67
DA:312,67
DA:313,67
DA:314,67
BRDA:314,12,0,-
BRDA:314,12,1,1
DA:316,67
BRDA:316,13,0,-
BRDA:316,13,1,1
DA:317,67
DA:319,67
DA:320,67
DA:321,67
DA:324,67
FN:333,Oracle._getAverageReportPayload
FNDA:67,Oracle._getAverageReportPayload
DA:338,67
DA:339,67
DA:341,67
DA:344,67
DA:347,67
DA:350,67
DA:351,67
DA:352,67
DA:353,67
DA:356,67
DA:358,67
DA:361,67
BRDA:361,14,0,1
BRDA:361,14,1,17
DA:362,67
BRDA:362,15,0,-
BRDA:362,15,1,9
DA:368,67
DA:369,67
DA:372,67
DA:375,67
DA:378,67
BRDA:378,16,0,1
BRDA:378,16,1,17
DA:380,67
DA:383,67
FNF:10
FNH:10
LF:85
LH:85
BRF:34
BRH:24
end_of_record
TN:
SF:src/Reserve.sol
FN:281,Reserve.reserveStatus
FNDA:182,Reserve.reserveStatus
DA:282,182
FN:286,Reserve.token
FNDA:182,Reserve.token
DA:287,182
FN:291,Reserve.hashOfERC721Id
FNDA:182,Reserve.hashOfERC721Id
DA:296,182
FN:300,Reserve.registeredERC20sSize
FNDA:182,Reserve.registeredERC20sSize
DA:301,182
FN:305,Reserve.registeredERC721IdsSize
FNDA:182,Reserve.registeredERC721IdsSize
DA:306,182
FN:310,Reserve.onERC721Received
FNDA:182,Reserve.onERC721Received
DA:316,182
FN:329,Reserve.bondERC20
FNDA:182,Reserve.bondERC20
DA:330,182
FN:334,Reserve.bondERC20From
FNDA:182,Reserve.bondERC20From
DA:338,182
FN:342,Reserve.bondERC20To
FNDA:182,Reserve.bondERC20To
DA:346,182
FN:350,Reserve.bondERC20FromTo
FNDA:182,Reserve.bondERC20FromTo
DA:359,182
FN:363,Reserve.bondERC20All
FNDA:182,Reserve.bondERC20All
DA:364,182
FN:373,Reserve.bondERC20AllFrom
FNDA:182,Reserve.bondERC20AllFrom
DA:374,182
FN:383,Reserve.bondERC20AllTo
FNDA:182,Reserve.bondERC20AllTo
DA:384,182
FN:393,Reserve.bondERC20AllFromTo
FNDA:182,Reserve.bondERC20AllFromTo
DA:397,182
FN:409,Reserve.bondERC721Id
FNDA:182,Reserve.bondERC721Id
DA:410,182
FN:414,Reserve.bondERC721IdFrom
FNDA:182,Reserve.bondERC721IdFrom
DA:418,182
FN:422,Reserve.bondERC721IdTo
FNDA:182,Reserve.bondERC721IdTo
DA:426,182
FN:430,Reserve.bondERC721IdFromTo
FNDA:182,Reserve.bondERC721IdFromTo
DA:438,182
FN:448,Reserve.redeemERC20
FNDA:182,Reserve.redeemERC20
DA:449,182
FN:453,Reserve.redeemERC20From
FNDA:182,Reserve.redeemERC20From
DA:457,182
FN:461,Reserve.redeemERC20To
FNDA:182,Reserve.redeemERC20To
DA:465,182
FN:469,Reserve.redeemERC20FromTo
FNDA:182,Reserve.redeemERC20FromTo
DA:478,182
FN:482,Reserve.redeemERC20All
FNDA:182,Reserve.redeemERC20All
DA:483,182
FN:492,Reserve.redeemERC20AllFrom
FNDA:182,Reserve.redeemERC20AllFrom
DA:496,182
FN:505,Reserve.redeemERC20AllTo
FNDA:182,Reserve.redeemERC20AllTo
DA:506,182
FN:515,Reserve.redeemERC20AllFromTo
FNDA:182,Reserve.redeemERC20AllFromTo
DA:519,182
FN:531,Reserve.redeemERC721Id
FNDA:182,Reserve.redeemERC721Id
DA:532,182
FN:536,Reserve.redeemERC721IdFrom
FNDA:182,Reserve.redeemERC721IdFrom
DA:540,182
FN:544,Reserve.redeemERC721IdTo
FNDA:182,Reserve.redeemERC721IdTo
DA:548,182
FN:552,Reserve.redeemERC721IdFromTo
FNDA:182,Reserve.redeemERC721IdFromTo
DA:560,182
FN:568,Reserve.executeTx
FNDA:182,Reserve.executeTx
DA:572,182
DA:573,182
DA:574,182
BRDA:574,0,0,-
BRDA:574,0,1,1
FN:581,Reserve.setTokenOracle
FNDA:182,Reserve.setTokenOracle
DA:582,182
BRDA:582,1,0,2
BRDA:582,1,1,1
DA:584,182
BRDA:584,2,0,2
BRDA:584,2,1,1
DA:586,182
DA:587,182
FN:595,Reserve.registerERC20
FNDA:182,Reserve.registerERC20
DA:598,182
BRDA:598,3,0,1
BRDA:598,3,1,18
DA:600,182
DA:603,182
BRDA:603,4,0,1
BRDA:603,4,1,17
DA:604,182
DA:609,182
BRDA:609,5,0,1
BRDA:609,5,1,16
DA:612,182
BRDA:612,6,0,2
BRDA:612,6,1,14
DA:615,182
DA:616,182
DA:619,182
DA:620,182
FN:624,Reserve.registerERC721Id
FNDA:182,Reserve.registerERC721Id
DA:628,182
DA:632,182
BRDA:632,7,0,1
BRDA:632,7,1,13
DA:634,182
DA:637,182
BRDA:637,8,0,1
BRDA:637,8,1,12
DA:638,182
DA:643,182
BRDA:643,9,0,1
BRDA:643,9,1,11
DA:646,182
BRDA:646,10,0,2
BRDA:646,10,1,9
DA:649,182
DA:650,182
DA:653,182
DA:654,182
FN:658,Reserve.deregisterERC20
FNDA:182,Reserve.deregisterERC20
DA:662,182
BRDA:662,11,0,1
BRDA:662,11,1,1
DA:663,182
DA:667,182
DA:668,182
DA:671,182
DA:672,182
DA:673,182
BRDA:673,12,0,-
BRDA:673,12,1,1
DA:675,182
BRDA:675,13,0,-
BRDA:675,13,1,-
DA:676,182
DA:678,182
DA:680,182
DA:681,182
DA:684,182
FN:689,Reserve.deregisterERC721Id
FNDA:182,Reserve.deregisterERC721Id
DA:690,182
DA:695,182
BRDA:695,14,0,1
BRDA:695,14,1,1
DA:696,182
DA:700,182
DA:701,182
DA:704,182
DA:705,182
DA:706,182
BRDA:706,15,0,-
BRDA:706,15,1,1
DA:708,182
BRDA:708,16,0,-
BRDA:708,16,1,-
DA:709,182
DA:711,182
DA:713,182
DA:714,182
DA:717,182
FN:722,Reserve.updateOracleForERC20
FNDA:182,Reserve.updateOracleForERC20
DA:728,182
DA:731,182
BRDA:731,17,0,1
BRDA:731,17,1,3
DA:732,182
DA:736,182
BRDA:736,18,0,2
BRDA:736,18,1,1
DA:739,182
DA:740,182
FN:744,Reserve.updateOracleForERC721Id
FNDA:182,Reserve.updateOracleForERC721Id
DA:749,182
DA:752,182
DA:755,182
BRDA:755,19,0,1
BRDA:755,19,1,3
DA:756,182
DA:760,182
BRDA:760,20,0,2
BRDA:760,20,1,1
DA:763,182
DA:764,182
FN:771,Reserve.listERC20AsBondable
FNDA:182,Reserve.listERC20AsBondable
DA:776,182
DA:777,182
FN:781,Reserve.delistERC20AsBondable
FNDA:182,Reserve.delistERC20AsBondable
DA:786,182
DA:787,182
FN:791,Reserve.listERC721IdAsBondable
FNDA:182,Reserve.listERC721IdAsBondable
DA:796,182
DA:798,182
DA:799,182
FN:803,Reserve.delistERC721IdAsBondable
FNDA:182,Reserve.delistERC721IdAsBondable
DA:808,182
DA:810,182
DA:811,182
FN:815,Reserve.listERC20AsRedeemable
FNDA:182,Reserve.listERC20AsRedeemable
DA:820,182
DA:821,182
FN:825,Reserve.delistERC20AsRedeemable
FNDA:182,Reserve.delistERC20AsRedeemable
DA:830,182
DA:831,182
FN:835,Reserve.listERC721IdAsRedeemable
FNDA:182,Reserve.listERC721IdAsRedeemable
DA:840,182
DA:842,182
DA:843,182
FN:847,Reserve.delistERC721IdAsRedeemable
FNDA:182,Reserve.delistERC721IdAsRedeemable
DA:852,182
DA:854,182
DA:855,182
FN:859,Reserve.setERC20BondingLimit
FNDA:182,Reserve.setERC20BondingLimit
DA:863,182
DA:865,182
BRDA:865,21,0,-
BRDA:865,21,1,-
DA:866,182
DA:867,182
FN:872,Reserve.setERC20RedeemLimit
FNDA:182,Reserve.setERC20RedeemLimit
DA:876,182
DA:878,182
BRDA:878,22,0,-
BRDA:878,22,1,-
DA:879,182
DA:880,182
FN:888,Reserve.setBondingDiscountForERC20
FNDA:182,Reserve.setBondingDiscountForERC20
DA:892,182
DA:894,182
BRDA:894,23,0,1
BRDA:894,23,1,1
DA:895,182
DA:896,182
FN:901,Reserve.setBondingDiscountForERC721Id
FNDA:182,Reserve.setBondingDiscountForERC721Id
DA:908,182
DA:910,182
DA:912,182
BRDA:912,24,0,1
BRDA:912,24,1,1
DA:913,182
DA:914,182
FN:922,Reserve.setVestingVault
FNDA:182,Reserve.setVestingVault
DA:923,182
BRDA:923,25,0,-
BRDA:923,25,1,1
DA:925,182
BRDA:925,26,0,1
BRDA:925,26,1,1
DA:928,182
DA:931,182
DA:933,182
DA:934,182
FN:939,Reserve.setBondingVestingForERC20
FNDA:182,Reserve.setBondingVestingForERC20
DA:943,182
DA:945,182
BRDA:945,27,0,1
BRDA:945,27,1,1
DA:946,182
DA:947,182
FN:952,Reserve.setBondingVestingForERC721Id
FNDA:182,Reserve.setBondingVestingForERC721Id
DA:956,182
DA:958,182
DA:960,182
BRDA:960,28,0,-
BRDA:960,28,1,-
DA:961,182
DA:966,182
FN:974,Reserve.setMinBacking
FNDA:182,Reserve.setMinBacking
DA:975,182
BRDA:975,29,0,1
BRDA:975,29,1,-
DA:978,182
BRDA:978,30,0,-
BRDA:978,30,1,-
DA:979,182
DA:980,182
FN:985,Reserve.withdrawERC20
FNDA:182,Reserve.withdrawERC20
DA:995,182
BRDA:995,31,0,1
BRDA:995,31,1,-
DA:999,182
FN:1003,Reserve.withdrawERC721Id
FNDA:182,Reserve.withdrawERC721Id
DA:1010,182
FN:1018,Reserve.incurDebt
FNDA:182,Reserve.incurDebt
DA:1024,182
DA:1027,182
FN:1031,Reserve.payDebt
FNDA:182,Reserve.payDebt
DA:1040,182
DA:1043,182
FN:1052,Reserve._bondERC20
FNDA:182,Reserve._bondERC20
DA:1068,182
DA:1071,182
DA:1074,182
DA:1077,182
FN:1080,Reserve._bondERC721Id
FNDA:182,Reserve._bondERC721Id
DA:1092,182
DA:1095,182
DA:1102,182
DA:1105,182
DA:1108,182
FN:1114,Reserve._redeemERC20
FNDA:182,Reserve._redeemERC20
DA:1129,182
DA:1132,182
DA:1135,182
DA:1138,182
DA:1139,182
BRDA:1139,32,0,-
BRDA:1139,32,1,2
DA:1140,182
DA:1144,182
DA:1145,182
BRDA:1145,33,0,-
BRDA:1145,33,1,2
DA:1146,182
DA:1150,182
DA:1153,182
DA:1154,182
FN:1157,Reserve._redeemERC721Id
FNDA:182,Reserve._redeemERC721Id
DA:1169,182
DA:1172,182
DA:1175,182
DA:1178,182
DA:1184,182
DA:1185,182
FN:1192,Reserve._computeMintAmountGivenERC20
FNDA:182,Reserve._computeMintAmountGivenERC20
DA:1198,182
DA:1201,182
DA:1204,182
DA:1207,182
DA:1209,182
FN:1212,Reserve._computeMintAmountGivenERC721Id
FNDA:182,Reserve._computeMintAmountGivenERC721Id
DA:1221,182
DA:1224,182
DA:1226,182
FN:1232,Reserve._reserveStatus
FNDA:182,Reserve._reserveStatus
DA:1233,182
DA:1234,182
DA:1236,182
DA:1237,182
DA:1241,182
FN:1244,Reserve._supplyValuation
FNDA:182,Reserve._supplyValuation
DA:1245,182
FN:1248,Reserve._reserveValuation
FNDA:182,Reserve._reserveValuation
DA:1249,182
FN:1252,Reserve._reserveERC20sValuation
FNDA:182,Reserve._reserveERC20sValuation
DA:1254,182
DA:1257,182
DA:1258,182
DA:1262,182
DA:1263,182
DA:1264,182
DA:1267,182
DA:1273,182
BRDA:1273,34,0,1
BRDA:1273,34,1,-
DA:1274,182
BRDA:1274,35,0,1
BRDA:1274,35,1,-
DA:1275,182
DA:1277,182
DA:1278,182
DA:1283,182
DA:1285,182
DA:1288,182
FN:1291,Reserve._reserveERC721IdsValuation
FNDA:182,Reserve._reserveERC721IdsValuation
DA:1293,182
DA:1296,182
DA:1297,182
DA:1301,182
DA:1302,182
DA:1303,182
DA:1304,182
DA:1307,182
BRDA:1307,36,0,2
BRDA:1307,36,1,-
DA:1308,182
BRDA:1308,37,0,2
BRDA:1308,37,1,-
DA:1309,182
DA:1311,182
DA:1312,182
DA:1317,182
DA:1319,182
DA:1322,182
FN:1328,Reserve._oracleIsValid
FNDA:182,Reserve._oracleIsValid
DA:1329,182
DA:1330,182
DA:1331,182
DA:1333,182
FN:1336,Reserve._priceOfToken
FNDA:182,Reserve._priceOfToken
DA:1338,182
DA:1339,182
DA:1340,182
DA:1342,182
BRDA:1342,38,0,-
BRDA:1342,38,1,37
DA:1344,182
DA:1347,182
FN:1350,Reserve._priceOfERC20
FNDA:182,Reserve._priceOfERC20
DA:1352,182
DA:1353,182
DA:1354,182
DA:1356,182
BRDA:1356,39,0,-
BRDA:1356,39,1,43
DA:1358,182
DA:1361,182
FN:1364,Reserve._priceOfERC721Id
FNDA:182,Reserve._priceOfERC721Id
DA:1370,182
DA:1371,182
DA:1372,182
DA:1374,182
BRDA:1374,40,0,-
BRDA:1374,40,1,8
DA:1376,182
DA:1379,182
FN:1385,Reserve._commitTokenMintGivenERC20
FNDA:182,Reserve._commitTokenMintGivenERC20
DA:1390,182
DA:1392,182
BRDA:1392,41,0,-
BRDA:1392,41,1,1
DA:1394,182
DA:1397,182
DA:1401,182
FN:1409,Reserve._commitTokenMintGivenERC721Id
FNDA:182,Reserve._commitTokenMintGivenERC721Id
DA:1414,182
DA:1416,182
BRDA:1416,42,0,-
BRDA:1416,42,1,-
DA:1418,182
DA:1421,182
DA:1425,182
FN:1436,Reserve._applyBondingDiscountForERC20
FNDA:182,Reserve._applyBondingDiscountForERC20
DA:1441,182
DA:1443,182
FN:1448,Reserve._applyBondingDiscountForERC721Id
FNDA:182,Reserve._applyBondingDiscountForERC721Id
DA:1453,182
DA:1455,182
FN:1463,Reserve._hashOfERC721Id
FNDA:182,Reserve._hashOfERC721Id
DA:1468,182
FNF:78
FNH:78
LF:270
LH:270
BRF:86
BRH:56
end_of_record
TN:
SF:src/ReserveToken.sol
FN:92,ReserveToken.mint
FNDA:6,ReserveToken.mint
DA:98,6
FN:103,ReserveToken.burn
FNDA:6,ReserveToken.burn
DA:108,6
FN:116,ReserveToken.setMintBurner
FNDA:6,ReserveToken.setMintBurner
DA:117,6
BRDA:117,0,0,-
BRDA:117,0,1,-
DA:118,6
DA:119,6
FN:129,ReserveToken.approve
FNDA:6,ReserveToken.approve
DA:135,6
FN:138,ReserveToken.transfer
FNDA:6,ReserveToken.transfer
DA:145,6
FN:148,ReserveToken.transferFrom
FNDA:6,ReserveToken.transferFrom
DA:155,6
FNF:6
FNH:6
LF:8
LH:8
BRF:2
BRH:0
end_of_record
TN:
SF:src/Treasury.sol
FN:225,Treasury.bond
FNDA:55,Treasury.bond
DA:234,55
DA:238,55
DA:241,55
DA:242,55
DA:245,55
FN:254,Treasury.redeem
FNDA:55,Treasury.redeem
DA:265,55
DA:269,55
DA:272,55
DA:275,55
DA:278,55
FN:287,Treasury.totalValuation
FNDA:55,Treasury.totalValuation
DA:288,55
FN:292,Treasury.onERC721Received
FNDA:55,Treasury.onERC721Received
DA:298,55
FN:307,Treasury._supplyTarget
FNDA:55,Treasury._supplyTarget
DA:314,55
DA:315,55
DA:316,55
DA:319,55
DA:321,55
DA:322,55
DA:323,55
DA:324,55
DA:327,55
BRDA:327,0,0,-
BRDA:327,0,1,-
DA:328,55
BRDA:328,1,0,-
BRDA:328,1,1,-
DA:329,55
DA:331,55
DA:332,55
DA:338,55
DA:339,55
DA:341,55
DA:345,55
FN:359,Treasury.executeTx
FNDA:55,Treasury.executeTx
DA:363,55
DA:364,55
DA:365,55
BRDA:365,2,0,-
BRDA:365,2,1,1
FN:383,Treasury.withdrawAsset
FNDA:55,Treasury.withdrawAsset
DA:392,55
BRDA:392,3,0,1
BRDA:392,3,1,-
DA:396,55
DA:401,55
FN:408,Treasury.registerAsset
FNDA:55,Treasury.registerAsset
DA:411,55
BRDA:411,4,0,-
BRDA:411,4,1,16
DA:413,55
DA:416,55
BRDA:416,5,0,1
BRDA:416,5,1,15
DA:417,55
DA:422,55
BRDA:422,6,0,1
BRDA:422,6,1,14
DA:425,55
DA:426,55
DA:427,55
DA:430,55
BRDA:430,7,0,2
BRDA:430,7,1,12
DA:431,55
DA:435,55
DA:436,55
DA:439,55
FN:445,Treasury.deregisterAsset
FNDA:55,Treasury.deregisterAsset
DA:448,55
BRDA:448,8,0,1
BRDA:448,8,1,1
DA:449,55
DA:453,55
DA:456,55
DA:457,55
DA:458,55
BRDA:458,9,0,-
BRDA:458,9,1,1
DA:460,55
BRDA:460,10,0,-
BRDA:460,10,1,-
DA:461,55
DA:463,55
DA:465,55
DA:466,55
DA:469,55
FN:477,Treasury.updateAssetOracle
FNDA:55,Treasury.updateAssetOracle
DA:483,55
DA:486,55
BRDA:486,11,0,1
BRDA:486,11,1,3
DA:487,55
DA:491,55
DA:492,55
DA:493,55
DA:496,55
BRDA:496,12,0,2
BRDA:496,12,1,1
DA:497,55
DA:501,55
DA:502,55
FN:511,Treasury.listAssetAsBondable
FNDA:55,Treasury.listAssetAsBondable
DA:517,55
BRDA:517,13,0,1
BRDA:517,13,1,2
DA:518,55
DA:523,55
DA:524,55
FN:530,Treasury.delistAssetAsBondable
FNDA:55,Treasury.delistAssetAsBondable
DA:536,55
BRDA:536,14,0,1
BRDA:536,14,1,1
DA:537,55
DA:542,55
DA:543,55
FN:549,Treasury.listAssetAsRedeemable
FNDA:55,Treasury.listAssetAsRedeemable
DA:555,55
BRDA:555,15,0,1
BRDA:555,15,1,2
DA:556,55
DA:561,55
DA:562,55
FN:568,Treasury.delistAssetAsRedeemable
FNDA:55,Treasury.delistAssetAsRedeemable
DA:574,55
BRDA:574,16,0,1
BRDA:574,16,1,1
DA:575,55
DA:580,55
DA:581,55
FN:589,Treasury._queryPrice
FNDA:55,Treasury._queryPrice
DA:590,55
DA:591,55
BRDA:591,17,0,-
BRDA:591,17,1,2
DA:594,55
DA:595,55
DA:596,55
DA:599,55
BRDA:599,18,0,-
BRDA:599,18,1,2
DA:600,55
DA:603,55
FNF:15
FNH:15
LF:94
LH:94
BRF:38
BRH:26
end_of_record
TN:
SF:src/lib/GeoCoordinates.sol
FN:22,GeoCoordinates.isValidLatitudeCoordinate
FNDA:0,GeoCoordinates.isValidLatitudeCoordinate
DA:27,0
FN:33,GeoCoordinates.isValidLongitudeCoordinate
FNDA:0,GeoCoordinates.isValidLongitudeCoordinate
DA:38,0
FNF:2
FNH:0
LF:2
LH:0
BRF:0
BRH:0
end_of_record
TN:
SF:src/lib/Select.sol
FN:15,Select.computeMedian
FNDA:0,Select.computeMedian
DA:20,0
BRDA:20,0,0,-
BRDA:20,0,1,-
DA:23,0
DA:24,0
DA:25,0
DA:26,0
DA:27,0
DA:29,0
DA:32,0
DA:37,0
BRDA:37,1,0,-
BRDA:37,1,1,-
DA:38,0
DA:43,0
DA:44,0
DA:46,0
FNF:1
FNH:0
LF:13
LH:0
BRF:4
BRH:0
end_of_record
TN:
SF:src/lib/Wad.sol
FN:18,Wad.convertToWad
FNDA:0,Wad.convertToWad
DA:23,0
DA:25,0
BRDA:25,0,0,-
BRDA:25,0,1,-
DA:27,0
DA:30,0
BRDA:30,1,0,-
BRDA:30,1,1,-
DA:33,0
DA:37,0
FN:43,Wad.convertFromWad
FNDA:0,Wad.convertFromWad
DA:48,0
DA:50,0
BRDA:50,2,0,-
BRDA:50,2,1,-
DA:52,0
DA:55,0
BRDA:55,3,0,-
BRDA:55,3,1,-
DA:58,0
DA:62,0
FNF:2
FNH:0
LF:12
LH:0
BRF:8
BRH:0
end_of_record
TN:
SF:src/vesting/LinearVestingVault.sol
FN:21,LinearVestingVault.depositFor
FNDA:0,LinearVestingVault.depositFor
FN:29,LinearVestingVault.claim
FNDA:0,LinearVestingVault.claim
FN:33,LinearVestingVault.vestedFor
FNDA:0,LinearVestingVault.vestedFor
DA:39,0
FN:42,LinearVestingVault.unvestedFor
FNDA:0,LinearVestingVault.unvestedFor
DA:48,0
FNF:4
FNH:0
LF:2
LH:0
BRF:0
BRH:0
end_of_record
TN:
SF:test/elastic-receipt-token/Test.t.sol
FN:36,ElasticReceiptTokenTest.setUp
FNDA:0,ElasticReceiptTokenTest.setUp
DA:37,0
DA:39,0
FN:58,ElasticReceiptTokenTest.mintToUser
FNDA:0,ElasticReceiptTokenTest.mintToUser
DA:59,0
DA:61,0
DA:63,0
DA:64,0
DA:66,0
FN:69,ElasticReceiptTokenTest.underflows
FNDA:0,ElasticReceiptTokenTest.underflows
DA:71,0
DA:72,0
FNF:3
FNH:0
LF:9
LH:0
BRF:0
BRH:0
end_of_record
TN:
SF:test/oracle/Test.t.sol
FN:17,Errors.InvalidProvider
FNDA:0,Errors.InvalidProvider
DA:18,0
FN:65,OracleTest.setUp
FNDA:0,OracleTest.setUp
DA:66,0
DA:73,0
FN:76,OracleTest.setUpProviders
FNDA:0,OracleTest.setUpProviders
DA:77,0
DA:78,0
DA:79,0
FN:82,OracleTest.pushValidReport
FNDA:0,OracleTest.pushValidReport
DA:83,0
DA:84,0
DA:87,0
FNF:4
FNH:0
LF:9
LH:0
BRF:0
BRH:0
end_of_record
TN:
SF:test/reserve/Test.t.sol
FN:90,ReserveTest.setUp
FNDA:0,ReserveTest.setUp
DA:91,0
DA:93,0
DA:94,0
DA:96,0
DA:98,0
DA:100,0
DA:101,0
DA:102,0
DA:103,0
DA:105,0
FN:116,ReserveTest.onERC721Received
FNDA:0,ReserveTest.onERC721Received
DA:122,0
FNF:2
FNH:0
LF:11
LH:0
BRF:0
BRH:0
end_of_record
TN:
SF:test/treasury/Test.t.sol
FN:107,TreasuryTest.setUp
FNDA:0,TreasuryTest.setUp
DA:108,0
FN:23,Errors.AssetIsNotBondable
FNDA:0,Errors.AssetIsNotBondable
DA:28,0
FN:34,Errors.AssetIsNotRedeemable
FNDA:0,Errors.AssetIsNotRedeemable
DA:39,0
FN:45,Errors.AssetIsNotRegistered
FNDA:0,Errors.AssetIsNotRegistered
DA:50,0
FN:56,Errors.StalePriceDeliveredByOracle
FNDA:0,Errors.StalePriceDeliveredByOracle
DA:61,0
FNF:5
FNH:0
LF:5
LH:0
BRF:0
BRH:0
end_of_record
TN:
SF:test/utils/mocks/ERC20Mock.sol
FN:13,ERC20Mock.mint
FNDA:329,ERC20Mock.mint
DA:14,329
FN:17,ERC20Mock.burn
FNDA:329,ERC20Mock.burn
DA:18,329
FNF:2
FNH:2
LF:2
LH:2
BRF:0
BRH:0
end_of_record
TN:
SF:test/utils/mocks/ERC721Mock.sol
FN:12,ERC721Mock.mint
FNDA:39,ERC721Mock.mint
DA:13,39
FN:16,ERC721Mock.burn
FNDA:39,ERC721Mock.burn
DA:17,39
FN:20,ERC721Mock.tokenURI
FNDA:39,ERC721Mock.tokenURI
DA:26,39
FNF:3
FNH:3
LF:3
LH:3
BRF:0
BRH:0
end_of_record
TN:
SF:test/utils/mocks/ElasticReceiptTokenMock.sol
FN:23,ElasticReceiptTokenMock._supplyTarget
FNDA:89,ElasticReceiptTokenMock._supplyTarget
DA:29,89
FN:32,ElasticReceiptTokenMock.mint
FNDA:89,ElasticReceiptTokenMock.mint
DA:33,89
DA:34,89
FN:37,ElasticReceiptTokenMock.burn
FNDA:89,ElasticReceiptTokenMock.burn
DA:38,89
DA:39,89
FNF:3
FNH:3
LF:5
LH:5
BRF:0
BRH:0
end_of_record
TN:
SF:test/utils/mocks/OracleMock.sol
FN:12,OracleMock.setDataAndValid
FNDA:275,OracleMock.setDataAndValid
DA:13,275
DA:14,275
FN:17,OracleMock.setData
FNDA:275,OracleMock.setData
DA:18,275
FN:21,OracleMock.setValid
FNDA:275,OracleMock.setValid
DA:22,275
FN:28,OracleMock.getData
FNDA:275,OracleMock.getData
DA:29,275
FNF:4
FNH:4
LF:5
LH:5
BRF:0
BRH:0
end_of_record
TN:
SF:test/utils/mocks/VestingVaultMock.sol
FN:23,VestingVaultMock.claim
FNDA:6,VestingVaultMock.claim
DA:24,6
DA:26,6
BRDA:26,0,0,-
BRDA:26,0,1,1
DA:27,6
FN:31,VestingVaultMock.depositFor
FNDA:6,VestingVaultMock.depositFor
DA:34,6
DA:36,6
DA:38,6
FN:41,VestingVaultMock.vestedFor
FNDA:6,VestingVaultMock.vestedFor
DA:42,6
FN:45,VestingVaultMock.unvestedFor
FNDA:6,VestingVaultMock.unvestedFor
DA:46,6
FNF:4
FNH:4
LF:8
LH:8
BRF:2
BRH:1
end_of_record
