TN:
SF:src/Reserve2.sol
FN:258,
FNDA:0,
DA:265,5
DA:268,1
DA:271,0
DA:274,0
DA:275,4
DA:276,0
DA:277,1
DA:280,0
DA:283,0
DA:286,0
DA:287,2
DA:288,2
DA:289,0
FN:299,reserveStatus
FNDA:9,reserveStatus
DA:302,9
FN:309,token
FNDA:2,token
DA:310,2
FN:314,hashOfERC721Id
FNDA:5,hashOfERC721Id
DA:319,5
FN:323,supportedERC20sSize
FNDA:0,supportedERC20sSize
DA:324,0
FN:328,supportedERC721IdsSize
FNDA:0,supportedERC721IdsSize
DA:329,0
FN:333,onERC721Received
FNDA:2,onERC721Received
DA:339,2
FN:352,bondERC20
FNDA:2,bondERC20
DA:353,2
FN:357,bondERC20From
FNDA:0,bondERC20From
DA:360,0
FN:364,bondERC20To
FNDA:0,bondERC20To
DA:367,0
FN:371,bondERC20FromTo
FNDA:0,bondERC20FromTo
DA:377,0
FN:381,bondERC20All
FNDA:0,bondERC20All
DA:382,0
FN:391,bondERC20AllFrom
FNDA:0,bondERC20AllFrom
DA:392,0
FN:401,bondERC20AllTo
FNDA:0,bondERC20AllTo
DA:402,0
FN:411,bondERC20AllFromTo
FNDA:4,bondERC20AllFromTo
DA:414,4
FN:426,bondERC721Id
FNDA:0,bondERC721Id
DA:427,0
FN:431,bondERC721IdFrom
FNDA:0,bondERC721IdFrom
DA:434,0
FN:438,bondERC721IdTo
FNDA:0,bondERC721IdTo
DA:441,0
FN:445,bondERC721IdFromTo
FNDA:2,bondERC721IdFromTo
DA:450,2
FN:460,unbondERC20
FNDA:1,unbondERC20
DA:461,1
FN:465,unbondERC20From
FNDA:0,unbondERC20From
DA:468,0
FN:472,unbondERC20To
FNDA:0,unbondERC20To
DA:475,0
FN:479,unbondERC20FromTo
FNDA:0,unbondERC20FromTo
DA:487,0
FN:491,unbondERC20All
FNDA:0,unbondERC20All
DA:492,0
FN:501,unbondERC20AllFrom
FNDA:0,unbondERC20AllFrom
DA:504,0
FN:513,unbondERC20AllTo
FNDA:0,unbondERC20AllTo
DA:514,0
FN:523,unbondERC20AllFromTo
FNDA:1,unbondERC20AllFromTo
DA:526,1
FN:538,unbondERC721Id
FNDA:0,unbondERC721Id
DA:539,0
FN:543,unbondERC721IdFrom
FNDA:0,unbondERC721IdFrom
DA:546,0
FN:550,unbondERC721IdTo
FNDA:0,unbondERC721IdTo
DA:553,0
FN:557,unbondERC721IdFromTo
FNDA:1,unbondERC721IdFromTo
DA:564,1
FN:572,executeTx
FNDA:1,executeTx
DA:576,1
DA:577,1
DA:578,1
FN:585,setTokenOracle
FNDA:3,setTokenOracle
DA:586,3
BRDA:586,0,0,3
DA:588,3
DA:590,1
DA:591,1
FN:599,supportERC20
FNDA:18,supportERC20
DA:602,18
DA:604,17
DA:607,17
BRDA:607,1,0,1
DA:608,1
DA:613,16
DA:616,15
DA:619,13
DA:620,13
DA:623,13
DA:624,13
FN:628,supportERC721Id
FNDA:14,supportERC721Id
DA:632,14
DA:636,14
DA:638,13
DA:641,13
BRDA:641,2,0,1
DA:642,1
DA:647,12
DA:650,11
DA:653,9
DA:654,9
DA:657,9
DA:658,9
FN:662,unsupportERC20
FNDA:2,unsupportERC20
DA:665,2
BRDA:665,3,0,1
DA:666,1
DA:670,1
DA:671,1
DA:674,1
DA:675,1
DA:676,1
BRDA:676,4,0,1
DA:678,1
BRDA:678,5,0,-
DA:679,0
DA:681,1
DA:683,1
DA:684,1
DA:687,0
FN:692,unsupportERC721Id
FNDA:2,unsupportERC721Id
DA:693,2
DA:697,2
BRDA:697,6,0,1
DA:698,1
DA:702,1
DA:703,1
DA:706,1
DA:707,1
DA:708,1
BRDA:708,7,0,1
DA:710,1
BRDA:710,8,0,-
DA:711,0
DA:713,1
DA:715,1
DA:716,1
DA:719,0
FN:724,updateOracleForERC20
FNDA:4,updateOracleForERC20
DA:730,4
DA:733,4
BRDA:733,9,0,1
DA:734,1
DA:738,3
DA:741,1
DA:742,1
FN:746,updateOracleForERC721Id
FNDA:4,updateOracleForERC721Id
DA:751,4
DA:754,4
DA:757,4
BRDA:757,10,0,1
DA:758,1
DA:762,3
DA:765,1
DA:766,1
FN:773,supportERC20ForBonding
FNDA:10,supportERC20ForBonding
DA:778,10
DA:780,10
BRDA:780,11,0,8
DA:781,8
DA:782,8
FN:787,supportERC721IdForBonding
FNDA:6,supportERC721IdForBonding
DA:792,6
DA:794,6
DA:796,6
BRDA:796,12,0,4
DA:797,4
DA:798,4
FN:803,supportERC20ForUnbonding
FNDA:10,supportERC20ForUnbonding
DA:808,10
DA:810,10
BRDA:810,13,0,8
DA:811,8
DA:812,8
FN:817,supportERC721IdForUnbonding
FNDA:6,supportERC721IdForUnbonding
DA:822,6
DA:824,6
DA:826,6
BRDA:826,14,0,4
DA:827,4
DA:828,4
FN:833,setERC20BondingLimit
FNDA:0,setERC20BondingLimit
DA:837,0
DA:839,0
BRDA:839,15,0,-
DA:840,0
DA:841,0
FN:846,setERC20UnbondingLimit
FNDA:0,setERC20UnbondingLimit
DA:850,0
DA:852,0
BRDA:852,16,0,-
DA:853,0
DA:854,0
FN:862,setDiscountForERC20
FNDA:1,setDiscountForERC20
DA:866,1
DA:868,1
BRDA:868,17,0,1
DA:869,1
DA:870,1
FN:875,setDiscountForERC721Id
FNDA:1,setDiscountForERC721Id
DA:879,1
DA:881,1
DA:883,1
BRDA:883,18,0,1
DA:884,1
DA:885,1
FN:893,setVestingVault
FNDA:2,setVestingVault
DA:894,2
BRDA:894,19,0,2
DA:896,2
DA:899,1
DA:902,1
DA:904,1
DA:905,1
FN:910,setVestingForERC20
FNDA:1,setVestingForERC20
DA:914,1
DA:916,1
BRDA:916,20,0,1
DA:917,1
DA:918,1
FN:923,setVestingForERC721Id
FNDA:0,setVestingForERC721Id
DA:927,0
DA:929,0
DA:931,0
BRDA:931,21,0,-
DA:932,0
DA:937,0
FN:945,setMinBacking
FNDA:1,setMinBacking
DA:946,1
DA:949,0
BRDA:949,22,0,-
DA:950,0
DA:951,0
FN:956,incurDebt
FNDA:2,incurDebt
DA:962,2
DA:965,2
FN:969,payDebt
FNDA:1,payDebt
DA:978,1
DA:981,1
FN:990,_bondERC20
FNDA:6,_bondERC20
DA:1006,6
DA:1009,6
DA:1012,6
DA:1015,6
FN:1018,_bondERC721Id
FNDA:2,_bondERC721Id
DA:1030,2
DA:1033,2
DA:1040,2
DA:1043,2
DA:1046,2
FN:1054,_unbondERC20
FNDA:2,_unbondERC20
DA:1069,2
DA:1072,2
DA:1075,2
DA:1078,2
DA:1079,2
BRDA:1079,23,0,-
DA:1080,0
DA:1084,2
DA:1085,2
BRDA:1085,24,0,-
DA:1086,0
DA:1090,2
DA:1093,2
DA:1094,2
FN:1097,_unbondERC721Id
FNDA:1,_unbondERC721Id
DA:1109,1
DA:1112,1
DA:1115,1
DA:1118,1
DA:1124,1
DA:1125,1
FN:1132,_computeMintAmountGivenERC20
FNDA:6,_computeMintAmountGivenERC20
DA:1137,6
DA:1140,6
DA:1143,6
DA:1146,6
DA:1148,6
FN:1151,_computeMintAmountGivenERC721Id
FNDA:2,_computeMintAmountGivenERC721Id
DA:1159,2
DA:1162,2
DA:1164,2
FN:1170,_updateBacking
FNDA:14,_updateBacking
DA:1171,14
DA:1172,14
DA:1176,14
DA:1177,14
DA:1184,14
DA:1187,14
FN:1190,_supplyValuation
FNDA:23,_supplyValuation
DA:1192,23
FN:1195,_reserveValuation
FNDA:23,_reserveValuation
DA:1196,23
FN:1199,_reserveERC20sValuation
FNDA:23,_reserveERC20sValuation
DA:1201,23
DA:1204,23
DA:1205,23
DA:1208,23
DA:1209,23
DA:1210,33
DA:1213,33
DA:1219,33
BRDA:1219,25,0,1
DA:1220,1
BRDA:1220,26,0,1
DA:1221,1
BRDA:1220,26,1,-
DA:1223,0
DA:1224,0
DA:1229,32
DA:1231,32
DA:1234,23
FN:1237,_reserveERC721IdsValuation
FNDA:23,_reserveERC721IdsValuation
DA:1239,23
DA:1242,23
DA:1243,23
DA:1245,23
DA:1246,23
DA:1247,7
DA:1248,7
DA:1251,7
BRDA:1251,27,0,2
DA:1252,2
BRDA:1252,28,0,2
DA:1253,2
BRDA:1252,28,1,-
DA:1255,0
DA:1256,0
DA:1261,5
DA:1263,5
DA:1266,23
FN:1272,_oracleIsValid
FNDA:35,_oracleIsValid
DA:1273,35
DA:1274,35
DA:1275,35
DA:1277,35
FN:1280,_priceOfToken
FNDA:34,_priceOfToken
DA:1282,34
DA:1283,34
DA:1284,34
DA:1286,34
BRDA:1286,29,0,-
DA:1288,0
DA:1291,34
FN:1294,_priceOfERC20
FNDA:40,_priceOfERC20
DA:1296,40
DA:1297,40
DA:1298,40
DA:1300,40
BRDA:1300,30,0,-
DA:1302,0
DA:1305,40
FN:1308,_priceOfERC721Id
FNDA:8,_priceOfERC721Id
DA:1310,8
DA:1311,8
DA:1312,8
DA:1314,8
BRDA:1314,31,0,-
DA:1316,0
DA:1319,8
FN:1325,_commitTokenMintGivenERC20
FNDA:6,_commitTokenMintGivenERC20
DA:1330,6
DA:1332,6
BRDA:1332,32,0,5
DA:1334,5
BRDA:1332,32,1,1
DA:1337,1
DA:1341,1
FN:1349,_commitTokenMintGivenERC721Id
FNDA:2,_commitTokenMintGivenERC721Id
DA:1354,2
DA:1356,2
BRDA:1356,33,0,2
DA:1358,2
BRDA:1356,33,1,-
DA:1361,0
DA:1365,0
FN:1376,_applyDiscountForERC20
FNDA:6,_applyDiscountForERC20
DA:1381,6
DA:1383,6
FN:1388,_applyDiscountForERC721Id
FNDA:2,_applyDiscountForERC721Id
DA:1393,2
DA:1395,2
FN:1403,_hashOfERC721Id
FNDA:71,_hashOfERC721Id
DA:1408,71
FNF:73
FNH:49
LF:279
LH:221
BRF:38
BRH:24
end_of_record
TN:
SF:test/utils/mocks/ERC721Mock.sol
FN:8,
FNDA:0,
FN:12,mint
FNDA:11,mint
DA:13,11
FN:16,burn
FNDA:0,burn
DA:17,0
FN:20,tokenURI
FNDA:0,tokenURI
DA:26,0
FNF:4
FNH:1
LF:3
LH:1
BRF:0
BRH:0
end_of_record
TN:
SF:test/utils/mocks/OracleMock.sol
FN:12,setDataAndValid
FNDA:72,setDataAndValid
DA:13,72
DA:14,72
FN:17,setData
FNDA:0,setData
DA:18,0
FN:21,setValid
FNDA:0,setValid
DA:22,0
FN:28,getData
FNDA:139,getData
DA:29,139
FNF:4
FNH:2
LF:5
LH:3
BRF:0
BRH:0
end_of_record
TN:
SF:test/utils/mocks/VestingVaultMock.sol
FN:19,
FNDA:0,
DA:20,0
FN:23,claim
FNDA:1,claim
DA:24,1
DA:26,1
BRDA:26,0,0,1
DA:27,1
FN:31,depositFor
FNDA:8,depositFor
DA:34,8
DA:36,1
DA:38,1
FN:41,vestedFor
FNDA:0,vestedFor
DA:42,0
FN:45,unvestedFor
FNDA:0,unvestedFor
DA:46,0
FNF:5
FNH:2
LF:9
LH:6
BRF:1
BRH:1
end_of_record
TN:
SF:src/Oracle.sol
FN:122,
FNDA:0,
DA:128,0
DA:130,0
DA:133,0
DA:134,0
DA:135,0
DA:138,0
DA:139,0
FN:150,pushReport
FNDA:15,pushReport
DA:151,15
DA:152,15
DA:155,15
BRDA:155,0,0,1
DA:156,1
DA:160,14
DA:161,14
DA:164,14
BRDA:164,1,0,-
DA:165,0
DA:169,14
DA:170,14
DA:172,14
FN:177,purgeReports
FNDA:1,purgeReports
DA:179,1
BRDA:179,2,0,-
DA:180,0
DA:183,1
DA:186,1
DA:187,1
FN:195,getData
FNDA:10,getData
DA:197,10
BRDA:197,3,0,1
DA:198,1
DA:201,9
DA:202,9
DA:203,9
DA:206,9
DA:207,27
DA:208,27
DA:209,27
DA:211,10
BRDA:211,4,0,10
DA:212,10
DA:215,27
DA:219,9
BRDA:219,5,0,3
DA:220,3
DA:224,6
FN:232,providersSize
FNDA:1,providersSize
DA:233,1
FN:242,setIsValid
FNDA:1,setIsValid
DA:244,1
BRDA:244,6,0,-
DA:245,0
DA:246,0
DA:247,0
DA:250,1
BRDA:250,7,0,1
DA:251,1
DA:252,1
DA:253,1
FN:261,setMinimumProviders
FNDA:1,setMinimumProviders
DA:263,1
DA:266,1
BRDA:266,8,0,-
DA:267,0
DA:270,1
DA:272,1
FN:278,purgeReportsFrom
FNDA:2,purgeReportsFrom
DA:280,2
BRDA:280,9,0,1
DA:281,1
DA:284,1
DA:287,1
DA:288,1
FN:294,addProvider
FNDA:29,addProvider
DA:296,29
BRDA:296,10,0,1
DA:297,1
DA:300,28
DA:302,28
DA:304,28
FN:311,removeProvider
FNDA:2,removeProvider
DA:313,2
DA:316,2
DA:317,2
DA:318,3
BRDA:318,11,0,1
DA:320,1
BRDA:320,12,0,1
DA:321,1
DA:323,1
DA:324,1
DA:325,1
DA:328,2
FN:337,_getAverageReportPayload
FNDA:27,_getAverageReportPayload
DA:341,27
DA:342,27
DA:344,27
DA:347,27
DA:350,27
DA:353,27
DA:354,27
DA:355,27
DA:356,27
DA:359,27
DA:361,27
DA:364,9
BRDA:364,13,0,9
DA:365,0
BRDA:365,14,0,-
DA:371,0
DA:372,0
DA:375,0
BRDA:365,14,1,9
DA:378,9
DA:379,9
BRDA:364,13,1,18
DA:382,1
BRDA:382,15,0,1
DA:384,1
DA:385,1
BRDA:382,15,1,17
DA:388,17
DA:389,17
FNF:11
FNH:10
LF:95
LH:78
BRF:19
BRH:14
end_of_record
TN:
SF:src/Treasury.sol
FN:220,
FNDA:0,
FN:234,bond
FNDA:0,bond
DA:242,0
DA:243,0
DA:246,0
DA:247,0
DA:248,0
DA:251,0
BRDA:251,0,0,-
DA:252,0
DA:256,0
DA:260,0
DA:263,0
DA:264,0
DA:267,0
FN:276,unbond
FNDA:0,unbond
DA:284,0
DA:285,0
DA:288,0
DA:289,0
DA:290,0
DA:293,0
BRDA:293,1,0,-
DA:294,0
DA:300,0
DA:304,0
DA:307,0
DA:310,0
DA:313,0
FN:322,totalValuation
FNDA:2,totalValuation
DA:323,2
FN:327,onERC721Received
FNDA:0,onERC721Received
DA:333,0
FN:342,_supplyTarget
FNDA:2,_supplyTarget
DA:348,2
DA:349,2
DA:350,2
DA:351,2
DA:352,2
DA:353,2
DA:356,2
DA:358,2
DA:359,2
DA:360,2
DA:361,2
DA:363,2
DA:364,2
DA:368,2
BRDA:368,2,0,-
DA:369,0
BRDA:369,3,0,-
DA:370,0
BRDA:369,3,1,-
DA:372,0
DA:373,0
DA:377,2
BRDA:377,4,0,2
DA:381,2
DA:382,2
BRDA:377,4,1,-
DA:387,0
DA:388,0
DA:390,0
DA:391,0
DA:394,2
DA:398,2
FN:412,executeTx
FNDA:1,executeTx
DA:416,1
DA:417,1
DA:418,1
FN:427,addToWhitelist
FNDA:0,addToWhitelist
DA:428,0
FN:434,removeFromWhitelist
FNDA:0,removeFromWhitelist
DA:435,0
FN:445,supportAsset
FNDA:16,supportAsset
DA:448,16
DA:450,16
DA:453,16
BRDA:453,5,0,1
DA:454,1
DA:459,15
DA:463,14
DA:464,14
DA:467,14
BRDA:467,6,0,2
DA:468,2
DA:472,12
DA:473,12
DA:476,12
FN:482,unsupportAsset
FNDA:2,unsupportAsset
DA:485,2
BRDA:485,7,0,1
DA:486,1
DA:490,1
DA:493,1
DA:496,1
DA:497,1
DA:498,1
BRDA:498,8,0,1
DA:500,1
BRDA:500,9,0,-
DA:501,0
DA:503,1
DA:505,1
DA:506,1
DA:509,0
FN:517,updateAssetOracle
FNDA:4,updateAssetOracle
DA:523,4
DA:526,4
BRDA:526,10,0,1
DA:527,1
DA:532,3
DA:533,3
DA:536,3
BRDA:536,11,0,2
DA:537,2
DA:541,1
DA:542,1
FN:551,supportAssetForBonding
FNDA:3,supportAssetForBonding
DA:557,1
BRDA:557,12,0,1
DA:558,1
DA:563,2
DA:564,2
FN:570,unsupportAssetForBonding
FNDA:2,unsupportAssetForBonding
DA:576,2
BRDA:576,13,0,1
DA:577,1
DA:582,1
DA:583,1
FN:589,supportAssetForUnbonding
FNDA:3,supportAssetForUnbonding
DA:595,1
BRDA:595,14,0,1
DA:596,1
DA:601,2
DA:602,2
FN:608,unsupportAssetForUnbonding
FNDA:2,unsupportAssetForUnbonding
DA:614,2
BRDA:614,15,0,1
DA:615,1
DA:620,1
DA:621,1
FN:630,_queryOracleAndUpdateLastPrice
FNDA:19,_queryOracleAndUpdateLastPrice
DA:635,19
DA:636,19
DA:637,19
DA:640,19
BRDA:640,16,0,4
DA:641,4
DA:645,15
DA:651,15
DA:653,15
FNF:17
FNH:11
LF:116
LH:79
BRF:19
BRH:12
end_of_record
TN:
SF:src/GeoNFT.sol
FN:120,
FNDA:0,
FN:136,tokenData
FNDA:0,tokenData
DA:142,0
DA:144,0
FN:154,tokenURI
FNDA:0,tokenURI
DA:160,0
FN:174,mint
FNDA:1,mint
DA:188,1
DA:191,1
DA:199,1
DA:204,1
FN:214,modify
FNDA:0,modify
DA:228,0
DA:236,0
DA:239,0
FN:246,burn
FNDA:1,burn
DA:250,1
DA:253,1
FNF:6
FNH:2
LF:12
LH:6
BRF:0
BRH:0
end_of_record
TN:
SF:src/KOL.sol
FN:62,
FNDA:0,
FN:71,mint
FNDA:0,mint
DA:72,0
FN:77,burn
FNDA:0,burn
DA:78,0
FN:88,addToWhitelist
FNDA:0,addToWhitelist
DA:89,0
FN:96,removeFromWhitelist
FNDA:0,removeFromWhitelist
DA:97,0
FN:106,approve
FNDA:0,approve
DA:112,0
FN:115,transfer
FNDA:0,transfer
DA:122,0
FN:125,transferFrom
FNDA:0,transferFrom
DA:132,0
FNF:8
FNH:0
LF:7
LH:0
BRF:0
BRH:0
end_of_record
TN:
SF:src/Reserve.sol
FN:181,
FNDA:0,
DA:186,0
DA:187,0
DA:188,0
DA:189,0
DA:190,0
DA:193,0
DA:194,0
DA:195,0
DA:198,0
FN:207,deposit
FNDA:2,deposit
DA:208,2
FN:215,depositFor
FNDA:0,depositFor
DA:216,0
FN:221,depositAll
FNDA:0,depositAll
DA:222,0
DA:224,0
FN:230,depositAllFor
FNDA:0,depositAllFor
DA:231,0
DA:233,0
FN:239,withdraw
FNDA:0,withdraw
DA:240,0
FN:247,withdrawTo
FNDA:0,withdrawTo
DA:248,0
FN:253,withdrawAll
FNDA:0,withdrawAll
DA:254,0
DA:256,0
FN:262,withdrawAllTo
FNDA:0,withdrawAllTo
DA:263,0
DA:265,0
FN:276,depositAllWithDiscountFor
FNDA:0,depositAllWithDiscountFor
DA:283,0
DA:284,0
DA:286,0
DA:289,0
BRDA:289,0,0,-
DA:290,0
DA:293,0
DA:298,0
FN:309,setPriceFloor
FNDA:0,setPriceFloor
DA:310,0
DA:313,0
BRDA:313,1,0,-
DA:314,0
DA:317,0
DA:318,0
FN:323,setPriceCeiling
FNDA:0,setPriceCeiling
DA:324,0
DA:327,0
BRDA:327,2,0,-
DA:328,0
DA:331,0
DA:332,0
FN:341,setMinBackingInBPS
FNDA:0,setMinBackingInBPS
DA:342,0
DA:345,0
BRDA:345,3,0,-
DA:346,0
DA:349,0
DA:350,0
FN:357,incurDebt
FNDA:2,incurDebt
DA:363,2
DA:366,2
DA:369,2
FN:375,payDebt
FNDA:1,payDebt
DA:384,1
DA:386,1
FN:395,addToWhitelist
FNDA:2,addToWhitelist
DA:396,2
FN:402,removeFromWhitelist
FNDA:0,removeFromWhitelist
DA:403,0
FN:412,setDiscountZapper
FNDA:0,setDiscountZapper
DA:417,0
BRDA:417,4,0,-
DA:418,0
DA:421,0
DA:422,0
FN:429,kol
FNDA:1,kol
DA:430,1
FN:435,ktt
FNDA:1,ktt
DA:436,1
FN:443,reserveStatus
FNDA:4,reserveStatus
DA:444,4
FN:451,_deposit
FNDA:2,_deposit
DA:455,2
DA:458,2
FN:462,_withdraw
FNDA:0,_withdraw
DA:467,0
DA:469,0
FN:475,_updateBackingInBPS
FNDA:5,_updateBackingInBPS
DA:476,5
DA:477,5
DA:479,5
DA:480,5
DA:484,5
DA:485,5
FN:490,_reserveAdjusted
FNDA:11,_reserveAdjusted
DA:493,11
FN:498,_supply
FNDA:9,_supply
DA:499,9
FNF:26
FNH:11
LF:69
LH:20
BRF:5
BRH:0
end_of_record
TN:
SF:src/vesting/LinearVestingVault.sol
FN:19,
FNDA:0,
FN:23,depositFor
FNDA:0,depositFor
FN:31,claim
FNDA:0,claim
FN:35,vestedFor
FNDA:0,vestedFor
DA:41,0
FN:44,unvestedFor
FNDA:0,unvestedFor
DA:50,0
FNF:5
FNH:0
LF:2
LH:0
BRF:0
BRH:0
end_of_record
TN:
SF:src/zaps/DiscountZapper.sol
FN:82,
FNDA:0,
DA:83,0
DA:84,0
DA:86,0
DA:87,0
DA:92,0
FN:103,zap
FNDA:0,zap
DA:109,0
DA:112,0
DA:115,0
DA:120,0
DA:122,0
FN:131,setDiscountForAsset
FNDA:0,setDiscountForAsset
DA:136,0
DA:139,0
DA:142,0
DA:143,0
FN:150,treasury
FNDA:0,treasury
DA:151,0
FN:155,reserve
FNDA:0,reserve
DA:156,0
FNF:5
FNH:0
LF:16
LH:0
BRF:0
BRH:0
end_of_record
TN:
SF:test/utils/mocks/ERC20Mock.sol
FN:7,
FNDA:81,
FN:13,mint
FNDA:55,mint
DA:14,55
FN:17,burn
FNDA:5,burn
DA:18,5
FNF:3
FNH:3
LF:2
LH:2
BRF:0
BRH:0
end_of_record
